USER-SERVICE - - [17/Aug/2018:09:21:53 +0000] "POST /users HTTP/1.1" 201
USER-SERVICE - - [17/Aug/2018:09:21:54 +0000] "POST /users HTTP/1.1" 400
INVOICE-SERVICE - - [17/Aug/2018:09:21:55 +0000] "POST /invoices HTTP/1.1" 201
USER-SERVICE - - [17/Aug/2018:09:21:56 +0000] "POST /users HTTP/1.1" 201
USER-SERVICE - - [17/Aug/2018:09:21:57 +0000] "POST /users HTTP/1.1" 201
INVOICE-SERVICE - - [17/Aug/2018:09:22:58 +0000] "POST /invoices HTTP/1.1" 201
INVOICE-SERVICE - - [17/Aug/2018:09:22:59 +0000] "POST /invoices HTTP/1.1" 400
INVOICE-SERVICE - - [17/Aug/2018:09:23:53 +0000] "POST /invoices HTTP/1.1" 201
USER-SERVICE - - [17/Aug/2018:09:23:54 +0000] "POST /users HTTP/1.1" 400
USER-SERVICE - - [17/Aug/2018:09:23:55 +0000] "POST /users HTTP/1.1" 201
USER-SERVICE - - [17/Aug/2018:09:26:51 +0000] "POST /users HTTP/1.1" 201
INVOICE-SERVICE - - [17/Aug/2018:09:26:53 +0000] "POST /invoices HTTP/1.1" 201
USER-SERVICE - - [17/Aug/2018:09:29:11 +0000] "POST /users HTTP/1.1" 201
USER-SERVICE - - [17/Aug/2018:09:29:13 +0000] "POST /users HTTP/1.1" 201
USER-SERVICE - - [18/Aug/2018:09:30:54 +0000] "POST /users HTTP/1.1" 400
USER-SERVICE - - [18/Aug/2018:09:31:55 +0000] "POST /users HTTP/1.1" 201
USER-SERVICE - - [18/Aug/2018:09:31:56 +0000] "POST /users HTTP/1.1" 201
INVOICE-SERVICE - - [18/Aug/2018:10:26:53 +0000] "POST /invoices HTTP/1.1" 201
USER-SERVICE - - [18/Aug/2018:10:32:56 +0000] "POST /users HTTP/1.1" 201
tyui
USER-SERVICE - - [18/Aug/2018:10:33:59 +0000] "POST /users HTTP/1.1" 201

MAHMOUD-SERVICE - - [18/Aug/2018:10:33:59 +0000] "POST /users HTTP/1.1" 201
Loli1-SERVICE - - [18/Aug/2018:10:33:59 +0000] "POST /users HTTP/1.1" 201
Loli2-SERVICE - - [18/Aug/2018:10:33:59 +0000] "POST /users HTTP/1.1" 201
LOLOLO-SERVICE - - [18/Aug/2018:10:33:59 +0000] "POST /users HTTP/1.1" 201
MANAL-SERVICE - - [18/Aug/2018:10:33:59 +0000] "POST /users HTTP/1.1" 201
